
> focus-flow-backend@1.0.0 dev
> node --watch server.js

Starting October 8, 2024, the Node SDK is entering a three-month notice period. We encourage everyone to migrate to @clerk/express. For full details, please see our changelog: https://clerk.com/changelog/2024-10-08-express-sdk
⚠️  WARNING: Running in DEVELOPMENT MODE (no Clerk authentication)
⚠️  This should only be used for local development!
⚠️  To enable authentication, add CLERK_SECRET_KEY to backend/.env
node:events:497
      throw er; // Unhandled 'error' event
      ^

Error: listen EADDRINUSE: address already in use :::4000
    at Server.setupListenHandle [as _listen2] (node:net:1940:16)
    at listenInCluster (node:net:1997:12)
    at Server.listen (node:net:2102:7)
    at Function.listen (/Users/xinyuexu/Desktop/Final FocusFlow/focus-flow/backend/node_modules/express/lib/application.js:635:24)
    at file:///Users/xinyuexu/Desktop/Final%20FocusFlow/focus-flow/backend/server.js:151:5
    at ModuleJob.run (node:internal/modules/esm/module_job:345:25)
    at process.processTicksAndRejections (node:internal/process/task_queues:105:5)
    at async onImport.tracePromise.__proto__ (node:internal/modules/esm/loader:665:26)
    at async asyncRunEntryPointWithESMLoader (node:internal/modules/run_main:117:5)
Emitted 'error' event on Server instance at:
    at emitErrorNT (node:net:1976:8)
    at process.processTicksAndRejections (node:internal/process/task_queues:90:21) {
  code: 'EADDRINUSE',
  errno: -48,
  syscall: 'listen',
  address: '::',
  port: 4000
}

Node.js v22.20.0
Failed running 'server.js'. Waiting for file changes before restarting...
Restarting 'server.js'
Starting October 8, 2024, the Node SDK is entering a three-month notice period. We encourage everyone to migrate to @clerk/express. For full details, please see our changelog: https://clerk.com/changelog/2024-10-08-express-sdk
⚠️  WARNING: Running in DEVELOPMENT MODE (no Clerk authentication)
⚠️  This should only be used for local development!
⚠️  To enable authentication, add CLERK_SECRET_KEY to backend/.env
node:events:497
      throw er; // Unhandled 'error' event
      ^

Error: listen EADDRINUSE: address already in use :::4000
    at Server.setupListenHandle [as _listen2] (node:net:1940:16)
    at listenInCluster (node:net:1997:12)
    at Server.listen (node:net:2102:7)
    at Function.listen (/Users/xinyuexu/Desktop/Final FocusFlow/focus-flow/backend/node_modules/express/lib/application.js:635:24)
    at file:///Users/xinyuexu/Desktop/Final%20FocusFlow/focus-flow/backend/server.js:155:5
    at ModuleJob.run (node:internal/modules/esm/module_job:345:25)
    at process.processTicksAndRejections (node:internal/process/task_queues:105:5)
    at async onImport.tracePromise.__proto__ (node:internal/modules/esm/loader:665:26)
    at async asyncRunEntryPointWithESMLoader (node:internal/modules/run_main:117:5)
Emitted 'error' event on Server instance at:
    at emitErrorNT (node:net:1976:8)
    at process.processTicksAndRejections (node:internal/process/task_queues:90:21) {
  code: 'EADDRINUSE',
  errno: -48,
  syscall: 'listen',
  address: '::',
  port: 4000
}

Node.js v22.20.0
Failed running 'server.js'. Waiting for file changes before restarting...
Restarting 'server.js'
Starting October 8, 2024, the Node SDK is entering a three-month notice period. We encourage everyone to migrate to @clerk/express. For full details, please see our changelog: https://clerk.com/changelog/2024-10-08-express-sdk
⚠️  WARNING: Running in DEVELOPMENT MODE (no Clerk authentication)
⚠️  This should only be used for local development!
⚠️  To enable authentication, add CLERK_SECRET_KEY to backend/.env
node:events:497
      throw er; // Unhandled 'error' event
      ^

Error: listen EADDRINUSE: address already in use :::4000
    at Server.setupListenHandle [as _listen2] (node:net:1940:16)
    at listenInCluster (node:net:1997:12)
    at Server.listen (node:net:2102:7)
    at Function.listen (/Users/xinyuexu/Desktop/Final FocusFlow/focus-flow/backend/node_modules/express/lib/application.js:635:24)
    at file:///Users/xinyuexu/Desktop/Final%20FocusFlow/focus-flow/backend/server.js:155:5
    at ModuleJob.run (node:internal/modules/esm/module_job:345:25)
    at process.processTicksAndRejections (node:internal/process/task_queues:105:5)
    at async onImport.tracePromise.__proto__ (node:internal/modules/esm/loader:665:26)
    at async asyncRunEntryPointWithESMLoader (node:internal/modules/run_main:117:5)
Emitted 'error' event on Server instance at:
    at emitErrorNT (node:net:1976:8)
    at process.processTicksAndRejections (node:internal/process/task_queues:90:21) {
  code: 'EADDRINUSE',
  errno: -48,
  syscall: 'listen',
  address: '::',
  port: 4000
}

Node.js v22.20.0
Failed running 'server.js'. Waiting for file changes before restarting...
Restarting 'server.js'
Starting October 8, 2024, the Node SDK is entering a three-month notice period. We encourage everyone to migrate to @clerk/express. For full details, please see our changelog: https://clerk.com/changelog/2024-10-08-express-sdk
⚠️  WARNING: Running in DEVELOPMENT MODE (no Clerk authentication)
⚠️  This should only be used for local development!
⚠️  To enable authentication, add CLERK_SECRET_KEY to backend/.env
node:events:497
      throw er; // Unhandled 'error' event
      ^

Error: listen EADDRINUSE: address already in use :::4000
    at Server.setupListenHandle [as _listen2] (node:net:1940:16)
    at listenInCluster (node:net:1997:12)
    at Server.listen (node:net:2102:7)
    at Function.listen (/Users/xinyuexu/Desktop/Final FocusFlow/focus-flow/backend/node_modules/express/lib/application.js:635:24)
    at file:///Users/xinyuexu/Desktop/Final%20FocusFlow/focus-flow/backend/server.js:163:5
    at ModuleJob.run (node:internal/modules/esm/module_job:345:25)
    at process.processTicksAndRejections (node:internal/process/task_queues:105:5)
    at async onImport.tracePromise.__proto__ (node:internal/modules/esm/loader:665:26)
    at async asyncRunEntryPointWithESMLoader (node:internal/modules/run_main:117:5)
Emitted 'error' event on Server instance at:
    at emitErrorNT (node:net:1976:8)
    at process.processTicksAndRejections (node:internal/process/task_queues:90:21) {
  code: 'EADDRINUSE',
  errno: -48,
  syscall: 'listen',
  address: '::',
  port: 4000
}

Node.js v22.20.0
Failed running 'server.js'. Waiting for file changes before restarting...
Restarting 'server.js'
Starting October 8, 2024, the Node SDK is entering a three-month notice period. We encourage everyone to migrate to @clerk/express. For full details, please see our changelog: https://clerk.com/changelog/2024-10-08-express-sdk
⚠️  WARNING: Running in DEVELOPMENT MODE (no Clerk authentication)
⚠️  This should only be used for local development!
⚠️  To enable authentication, add CLERK_SECRET_KEY to backend/.env
node:events:497
      throw er; // Unhandled 'error' event
      ^

Error: listen EADDRINUSE: address already in use :::4000
    at Server.setupListenHandle [as _listen2] (node:net:1940:16)
    at listenInCluster (node:net:1997:12)
    at Server.listen (node:net:2102:7)
    at Function.listen (/Users/xinyuexu/Desktop/Final FocusFlow/focus-flow/backend/node_modules/express/lib/application.js:635:24)
    at file:///Users/xinyuexu/Desktop/Final%20FocusFlow/focus-flow/backend/server.js:163:5
    at ModuleJob.run (node:internal/modules/esm/module_job:345:25)
    at process.processTicksAndRejections (node:internal/process/task_queues:105:5)
    at async onImport.tracePromise.__proto__ (node:internal/modules/esm/loader:665:26)
    at async asyncRunEntryPointWithESMLoader (node:internal/modules/run_main:117:5)
Emitted 'error' event on Server instance at:
    at emitErrorNT (node:net:1976:8)
    at process.processTicksAndRejections (node:internal/process/task_queues:90:21) {
  code: 'EADDRINUSE',
  errno: -48,
  syscall: 'listen',
  address: '::',
  port: 4000
}

Node.js v22.20.0
Failed running 'server.js'. Waiting for file changes before restarting...
Restarting 'server.js'
Starting October 8, 2024, the Node SDK is entering a three-month notice period. We encourage everyone to migrate to @clerk/express. For full details, please see our changelog: https://clerk.com/changelog/2024-10-08-express-sdk
⚠️  WARNING: Running in DEVELOPMENT MODE (no Clerk authentication)
⚠️  This should only be used for local development!
⚠️  To enable authentication, add CLERK_SECRET_KEY to backend/.env
node:events:497
      throw er; // Unhandled 'error' event
      ^

Error: listen EADDRINUSE: address already in use :::4000
    at Server.setupListenHandle [as _listen2] (node:net:1940:16)
    at listenInCluster (node:net:1997:12)
    at Server.listen (node:net:2102:7)
    at Function.listen (/Users/xinyuexu/Desktop/Final FocusFlow/focus-flow/backend/node_modules/express/lib/application.js:635:24)
    at file:///Users/xinyuexu/Desktop/Final%20FocusFlow/focus-flow/backend/server.js:163:5
    at ModuleJob.run (node:internal/modules/esm/module_job:345:25)
    at process.processTicksAndRejections (node:internal/process/task_queues:105:5)
    at async onImport.tracePromise.__proto__ (node:internal/modules/esm/loader:665:26)
    at async asyncRunEntryPointWithESMLoader (node:internal/modules/run_main:117:5)
Emitted 'error' event on Server instance at:
    at emitErrorNT (node:net:1976:8)
    at process.processTicksAndRejections (node:internal/process/task_queues:90:21) {
  code: 'EADDRINUSE',
  errno: -48,
  syscall: 'listen',
  address: '::',
  port: 4000
}

Node.js v22.20.0
Failed running 'server.js'. Waiting for file changes before restarting...
Restarting 'server.js'
Starting October 8, 2024, the Node SDK is entering a three-month notice period. We encourage everyone to migrate to @clerk/express. For full details, please see our changelog: https://clerk.com/changelog/2024-10-08-express-sdk
⚠️  WARNING: Running in DEVELOPMENT MODE (no Clerk authentication)
⚠️  This should only be used for local development!
⚠️  To enable authentication, add CLERK_SECRET_KEY to backend/.env
node:events:497
      throw er; // Unhandled 'error' event
      ^

Error: listen EADDRINUSE: address already in use :::4000
    at Server.setupListenHandle [as _listen2] (node:net:1940:16)
    at listenInCluster (node:net:1997:12)
    at Server.listen (node:net:2102:7)
    at Function.listen (/Users/xinyuexu/Desktop/Final FocusFlow/focus-flow/backend/node_modules/express/lib/application.js:635:24)
    at file:///Users/xinyuexu/Desktop/Final%20FocusFlow/focus-flow/backend/server.js:163:5
    at ModuleJob.run (node:internal/modules/esm/module_job:345:25)
    at process.processTicksAndRejections (node:internal/process/task_queues:105:5)
    at async onImport.tracePromise.__proto__ (node:internal/modules/esm/loader:665:26)
    at async asyncRunEntryPointWithESMLoader (node:internal/modules/run_main:117:5)
Emitted 'error' event on Server instance at:
    at emitErrorNT (node:net:1976:8)
    at process.processTicksAndRejections (node:internal/process/task_queues:90:21) {
  code: 'EADDRINUSE',
  errno: -48,
  syscall: 'listen',
  address: '::',
  port: 4000
}

Node.js v22.20.0
Failed running 'server.js'. Waiting for file changes before restarting...
Restarting 'server.js'
node:internal/modules/package_json_reader:266
  throw new ERR_MODULE_NOT_FOUND(packageName, fileURLToPath(base), null);
        ^

Error [ERR_MODULE_NOT_FOUND]: Cannot find package 'googleapis' imported from /Users/xinyuexu/Desktop/Final FocusFlow/focus-flow/backend/routes/googleCalendar.js
    at Object.getPackageJSONURL (node:internal/modules/package_json_reader:266:9)
    at packageResolve (node:internal/modules/esm/resolve:767:81)
    at moduleResolve (node:internal/modules/esm/resolve:853:18)
    at defaultResolve (node:internal/modules/esm/resolve:983:11)
    at #cachedDefaultResolve (node:internal/modules/esm/loader:731:20)
    at ModuleLoader.resolve (node:internal/modules/esm/loader:708:38)
    at ModuleLoader.getModuleJobForImport (node:internal/modules/esm/loader:310:38)
    at ModuleJob._link (node:internal/modules/esm/module_job:183:49)
    at process.processTicksAndRejections (node:internal/process/task_queues:105:5) {
  code: 'ERR_MODULE_NOT_FOUND'
}

Node.js v22.20.0
Failed running 'server.js'. Waiting for file changes before restarting...
Restarting 'server.js'
node:internal/modules/package_json_reader:266
  throw new ERR_MODULE_NOT_FOUND(packageName, fileURLToPath(base), null);
        ^

Error [ERR_MODULE_NOT_FOUND]: Cannot find package 'googleapis' imported from /Users/xinyuexu/Desktop/Final FocusFlow/focus-flow/backend/routes/googleCalendar.js
    at Object.getPackageJSONURL (node:internal/modules/package_json_reader:266:9)
    at packageResolve (node:internal/modules/esm/resolve:767:81)
    at moduleResolve (node:internal/modules/esm/resolve:853:18)
    at defaultResolve (node:internal/modules/esm/resolve:983:11)
    at #cachedDefaultResolve (node:internal/modules/esm/loader:731:20)
    at ModuleLoader.resolve (node:internal/modules/esm/loader:708:38)
    at ModuleLoader.getModuleJobForImport (node:internal/modules/esm/loader:310:38)
    at ModuleJob._link (node:internal/modules/esm/module_job:183:49)
    at process.processTicksAndRejections (node:internal/process/task_queues:105:5) {
  code: 'ERR_MODULE_NOT_FOUND'
}

Node.js v22.20.0
Failed running 'server.js'. Waiting for file changes before restarting...
Restarting 'server.js'
node:internal/modules/package_json_reader:266
  throw new ERR_MODULE_NOT_FOUND(packageName, fileURLToPath(base), null);
        ^

Error [ERR_MODULE_NOT_FOUND]: Cannot find package 'googleapis' imported from /Users/xinyuexu/Desktop/Final FocusFlow/focus-flow/backend/routes/googleCalendar.js
    at Object.getPackageJSONURL (node:internal/modules/package_json_reader:266:9)
    at packageResolve (node:internal/modules/esm/resolve:767:81)
    at moduleResolve (node:internal/modules/esm/resolve:853:18)
    at defaultResolve (node:internal/modules/esm/resolve:983:11)
    at #cachedDefaultResolve (node:internal/modules/esm/loader:731:20)
    at ModuleLoader.resolve (node:internal/modules/esm/loader:708:38)
    at ModuleLoader.getModuleJobForImport (node:internal/modules/esm/loader:310:38)
    at ModuleJob._link (node:internal/modules/esm/module_job:183:49)
    at process.processTicksAndRejections (node:internal/process/task_queues:105:5) {
  code: 'ERR_MODULE_NOT_FOUND'
}

Node.js v22.20.0
Failed running 'server.js'. Waiting for file changes before restarting...
Restarting 'server.js'
node:internal/modules/esm/resolve:204
  const resolvedOption = FSLegacyMainResolve(pkgPath, packageConfig.main, baseStringified);
                         ^

Error: Cannot find package '/Users/xinyuexu/Desktop/Final FocusFlow/focus-flow/backend/node_modules/googleapis/index.js' imported from /Users/xinyuexu/Desktop/Final FocusFlow/focus-flow/backend/routes/googleCalendar.js
    at legacyMainResolve (node:internal/modules/esm/resolve:204:26)
    at packageResolve (node:internal/modules/esm/resolve:777:12)
    at moduleResolve (node:internal/modules/esm/resolve:853:18)
    at defaultResolve (node:internal/modules/esm/resolve:983:11)
    at #cachedDefaultResolve (node:internal/modules/esm/loader:731:20)
    at ModuleLoader.resolve (node:internal/modules/esm/loader:708:38)
    at ModuleLoader.getModuleJobForImport (node:internal/modules/esm/loader:310:38)
    at ModuleJob._link (node:internal/modules/esm/module_job:183:49)
    at process.processTicksAndRejections (node:internal/process/task_queues:105:5) {
  code: 'ERR_MODULE_NOT_FOUND'
}

Node.js v22.20.0
Failed running 'server.js'. Waiting for file changes before restarting...
Restarting 'server.js'
Starting October 8, 2024, the Node SDK is entering a three-month notice period. We encourage everyone to migrate to @clerk/express. For full details, please see our changelog: https://clerk.com/changelog/2024-10-08-express-sdk
⚠️  WARNING: Running in DEVELOPMENT MODE (no Clerk authentication)
⚠️  This should only be used for local development!
⚠️  To enable authentication, add CLERK_SECRET_KEY to backend/.env
node:events:497
      throw er; // Unhandled 'error' event
      ^

Error: listen EADDRINUSE: address already in use :::4000
    at Server.setupListenHandle [as _listen2] (node:net:1940:16)
    at listenInCluster (node:net:1997:12)
    at Server.listen (node:net:2102:7)
    at Function.listen (/Users/xinyuexu/Desktop/Final FocusFlow/focus-flow/backend/node_modules/express/lib/application.js:635:24)
    at file:///Users/xinyuexu/Desktop/Final%20FocusFlow/focus-flow/backend/server.js:165:5
    at ModuleJob.run (node:internal/modules/esm/module_job:345:25)
    at process.processTicksAndRejections (node:internal/process/task_queues:105:5)
    at async onImport.tracePromise.__proto__ (node:internal/modules/esm/loader:665:26)
    at async asyncRunEntryPointWithESMLoader (node:internal/modules/run_main:117:5)
Emitted 'error' event on Server instance at:
    at emitErrorNT (node:net:1976:8)
    at process.processTicksAndRejections (node:internal/process/task_queues:90:21) {
  code: 'EADDRINUSE',
  errno: -48,
  syscall: 'listen',
  address: '::',
  port: 4000
}

Node.js v22.20.0
Failed running 'server.js'. Waiting for file changes before restarting...
Restarting 'server.js'
Starting October 8, 2024, the Node SDK is entering a three-month notice period. We encourage everyone to migrate to @clerk/express. For full details, please see our changelog: https://clerk.com/changelog/2024-10-08-express-sdk
⚠️  WARNING: Running in DEVELOPMENT MODE (no Clerk authentication)
⚠️  This should only be used for local development!
⚠️  To enable authentication, add CLERK_SECRET_KEY to backend/.env
node:events:497
      throw er; // Unhandled 'error' event
      ^

Error: listen EADDRINUSE: address already in use :::4000
    at Server.setupListenHandle [as _listen2] (node:net:1940:16)
    at listenInCluster (node:net:1997:12)
    at Server.listen (node:net:2102:7)
    at Function.listen (/Users/xinyuexu/Desktop/Final FocusFlow/focus-flow/backend/node_modules/express/lib/application.js:635:24)
    at file:///Users/xinyuexu/Desktop/Final%20FocusFlow/focus-flow/backend/server.js:165:5
    at ModuleJob.run (node:internal/modules/esm/module_job:345:25)
    at process.processTicksAndRejections (node:internal/process/task_queues:105:5)
    at async onImport.tracePromise.__proto__ (node:internal/modules/esm/loader:665:26)
    at async asyncRunEntryPointWithESMLoader (node:internal/modules/run_main:117:5)
Emitted 'error' event on Server instance at:
    at emitErrorNT (node:net:1976:8)
    at process.processTicksAndRejections (node:internal/process/task_queues:90:21) {
  code: 'EADDRINUSE',
  errno: -48,
  syscall: 'listen',
  address: '::',
  port: 4000
}

Node.js v22.20.0
Failed running 'server.js'. Waiting for file changes before restarting...
Restarting 'server.js'
Starting October 8, 2024, the Node SDK is entering a three-month notice period. We encourage everyone to migrate to @clerk/express. For full details, please see our changelog: https://clerk.com/changelog/2024-10-08-express-sdk
⚠️  WARNING: Running in DEVELOPMENT MODE (no Clerk authentication)
⚠️  This should only be used for local development!
⚠️  To enable authentication, add CLERK_SECRET_KEY to backend/.env
node:events:497
      throw er; // Unhandled 'error' event
      ^

Error: listen EADDRINUSE: address already in use :::4000
    at Server.setupListenHandle [as _listen2] (node:net:1940:16)
    at listenInCluster (node:net:1997:12)
    at Server.listen (node:net:2102:7)
    at Function.listen (/Users/xinyuexu/Desktop/Final FocusFlow/focus-flow/backend/node_modules/express/lib/application.js:635:24)
    at file:///Users/xinyuexu/Desktop/Final%20FocusFlow/focus-flow/backend/server.js:169:5
    at ModuleJob.run (node:internal/modules/esm/module_job:345:25)
    at process.processTicksAndRejections (node:internal/process/task_queues:105:5)
    at async onImport.tracePromise.__proto__ (node:internal/modules/esm/loader:665:26)
    at async asyncRunEntryPointWithESMLoader (node:internal/modules/run_main:117:5)
Emitted 'error' event on Server instance at:
    at emitErrorNT (node:net:1976:8)
    at process.processTicksAndRejections (node:internal/process/task_queues:90:21) {
  code: 'EADDRINUSE',
  errno: -48,
  syscall: 'listen',
  address: '::',
  port: 4000
}

Node.js v22.20.0
Failed running 'server.js'. Waiting for file changes before restarting...
Restarting 'server.js'
Starting October 8, 2024, the Node SDK is entering a three-month notice period. We encourage everyone to migrate to @clerk/express. For full details, please see our changelog: https://clerk.com/changelog/2024-10-08-express-sdk
⚠️  WARNING: Running in DEVELOPMENT MODE (no Clerk authentication)
⚠️  This should only be used for local development!
⚠️  To enable authentication, add CLERK_SECRET_KEY to backend/.env
node:events:497
      throw er; // Unhandled 'error' event
      ^

Error: listen EADDRINUSE: address already in use :::4000
    at Server.setupListenHandle [as _listen2] (node:net:1940:16)
    at listenInCluster (node:net:1997:12)
    at Server.listen (node:net:2102:7)
    at Function.listen (/Users/xinyuexu/Desktop/Final FocusFlow/focus-flow/backend/node_modules/express/lib/application.js:635:24)
    at file:///Users/xinyuexu/Desktop/Final%20FocusFlow/focus-flow/backend/server.js:169:5
    at ModuleJob.run (node:internal/modules/esm/module_job:345:25)
    at process.processTicksAndRejections (node:internal/process/task_queues:105:5)
    at async onImport.tracePromise.__proto__ (node:internal/modules/esm/loader:665:26)
    at async asyncRunEntryPointWithESMLoader (node:internal/modules/run_main:117:5)
Emitted 'error' event on Server instance at:
    at emitErrorNT (node:net:1976:8)
    at process.processTicksAndRejections (node:internal/process/task_queues:90:21) {
  code: 'EADDRINUSE',
  errno: -48,
  syscall: 'listen',
  address: '::',
  port: 4000
}

Node.js v22.20.0
Failed running 'server.js'. Waiting for file changes before restarting...
hangelog/2024-10-08-express-sdk
⚠️  WARNING: Running in DEVELOPMENT MODE (no Clerk authentication)
⚠️  This should only be used for local development!
⚠️  To enable authentication, add CLERK_SECRET_KEY to backend/.env
node:events:497
      throw er; // Unhandled 'error' event
      ^

Error: listen EADDRINUSE: address already in use :::4000
    at Server.setupListenHandle [as _listen2] (node:net:1940:16)
    at listenInCluster (node:net:1997:12)
    at Server.listen (node:net:2102:7)
    at Function.listen (/Users/xinyuexu/Desktop/Final FocusFlow/focus-flow/backend/node_modules/express/lib/application.js:635:24)
    at file:///Users/xinyuexu/Desktop/Final%20FocusFlow/focus-flow/backend/server.js:163:5
    at ModuleJob.run (node:internal/modules/esm/module_job:345:25)
    at process.processTicksAndRejections (node:internal/process/task_queues:105:5)
    at async onImport.tracePromise.__proto__ (node:internal/modules/esm/loader:665:26)
    at async asyncRunEntryPointWithESMLoader (node:internal/modules/run_main:117:5)
Emitted 'error' event on Server instance at:
    at emitErrorNT (node:net:1976:8)
    at process.processTicksAndRejections (node:internal/process/task_queues:90:21) {
  code: 'EADDRINUSE',
  errno: -48,
  syscall: 'listen',
  address: '::',
  port: 4000
}

Node.js v22.20.0
Failed running 'server.js'. Waiting for file changes before restarting...
Restarting 'server.js'
Starting October 8, 2024, the Node SDK is entering a three-month notice period. We encourage everyone to migrate to @clerk/express. For full details, please see our changelog: https://clerk.com/changelog/2024-10-08-express-sdk
⚠️  WARNING: Running in DEVELOPMENT MODE (no Clerk authentication)
⚠️  This should only be used for local development!
⚠️  To enable authentication, add CLERK_SECRET_KEY to backend/.env
node:events:497
      throw er; // Unhandled 'error' event
      ^

Error: listen EADDRINUSE: address already in use :::4000
    at Server.setupListenHandle [as _listen2] (node:net:1940:16)
    at listenInCluster (node:net:1997:12)
    at Server.listen (node:net:2102:7)
    at Function.listen (/Users/xinyuexu/Desktop/Final FocusFlow/focus-flow/backend/node_modules/express/lib/application.js:635:24)
    at file:///Users/xinyuexu/Desktop/Final%20FocusFlow/focus-flow/backend/server.js:163:5
    at ModuleJob.run (node:internal/modules/esm/module_job:345:25)
    at process.processTicksAndRejections (node:internal/process/task_queues:105:5)
    at async onImport.tracePromise.__proto__ (node:internal/modules/esm/loader:665:26)
    at async asyncRunEntryPointWithESMLoader (node:internal/modules/run_main:117:5)
Emitted 'error' event on Server instance at:
    at emitErrorNT (node:net:1976:8)
    at process.processTicksAndRejections (node:internal/process/task_queues:90:21) {
  code: 'EADDRINUSE',
  errno: -48,
  syscall: 'listen',
  address: '::',
  port: 4000
}

Node.js v22.20.0
Failed running 'server.js'. Waiting for file changes before restarting...
Restarting 'server.js'
node:internal/modules/package_json_reader:266
  throw new ERR_MODULE_NOT_FOUND(packageName, fileURLToPath(base), null);
        ^

Error [ERR_MODULE_NOT_FOUND]: Cannot find package 'googleapis' imported from /Users/xinyuexu/Desktop/Final FocusFlow/focus-flow/backend/routes/googleCalendar.js
    at Object.getPackageJSONURL (node:internal/modules/package_json_reader:266:9)
    at packageResolve (node:internal/modules/esm/resolve:767:81)
    at moduleResolve (node:internal/modules/esm/resolve:853:18)
    at defaultResolve (node:internal/modules/esm/resolve:983:11)
    at #cachedDefaultResolve (node:internal/modules/esm/loader:731:20)
    at ModuleLoader.resolve (node:internal/modules/esm/loader:708:38)
    at ModuleLoader.getModuleJobForImport (node:internal/modules/esm/loader:310:38)
    at ModuleJob._link (node:internal/modules/esm/module_job:183:49)
    at process.processTicksAndRejections (node:internal/process/task_queues:105:5) {
  code: 'ERR_MODULE_NOT_FOUND'
}

Node.js v22.20.0
Failed running 'server.js'. Waiting for file changes before restarting...
Restarting 'server.js'
node:internal/modules/package_json_reader:266
  throw new ERR_MODULE_NOT_FOUND(packageName, fileURLToPath(base), null);
        ^

Error [ERR_MODULE_NOT_FOUND]: Cannot find package 'googleapis' imported from /Users/xinyuexu/Desktop/Final FocusFlow/focus-flow/backend/routes/googleCalendar.js
    at Object.getPackageJSONURL (node:internal/modules/package_json_reader:266:9)
    at packageResolve (node:internal/modules/esm/resolve:767:81)
    at moduleResolve (node:internal/modules/esm/resolve:853:18)
    at defaultResolve (node:internal/modules/esm/resolve:983:11)
    at #cachedDefaultResolve (node:internal/modules/esm/loader:731:20)
    at ModuleLoader.resolve (node:internal/modules/esm/loader:708:38)
    at ModuleLoader.getModuleJobForImport (node:internal/modules/esm/loader:310:38)
    at ModuleJob._link (node:internal/modules/esm/module_job:183:49)
    at process.processTicksAndRejections (node:internal/process/task_queues:105:5) {
  code: 'ERR_MODULE_NOT_FOUND'
}

Node.js v22.20.0
Failed running 'server.js'. Waiting for file changes before restarting...
Restarting 'server.js'
node:internal/modules/package_json_reader:266
  throw new ERR_MODULE_NOT_FOUND(packageName, fileURLToPath(base), null);
        ^

Error [ERR_MODULE_NOT_FOUND]: Cannot find package 'googleapis' imported from /Users/xinyuexu/Desktop/Final FocusFlow/focus-flow/backend/routes/googleCalendar.js
    at Object.getPackageJSONURL (node:internal/modules/package_json_reader:266:9)
    at packageResolve (node:internal/modules/esm/resolve:767:81)
    at moduleResolve (node:internal/modules/esm/resolve:853:18)
    at defaultResolve (node:internal/modules/esm/resolve:983:11)
    at #cachedDefaultResolve (node:internal/modules/esm/loader:731:20)
    at ModuleLoader.resolve (node:internal/modules/esm/loader:708:38)
    at ModuleLoader.getModuleJobForImport (node:internal/modules/esm/loader:310:38)
    at ModuleJob._link (node:internal/modules/esm/module_job:183:49)
    at process.processTicksAndRejections (node:internal/process/task_queues:105:5) {
  code: 'ERR_MODULE_NOT_FOUND'
}

Node.js v22.20.0
Failed running 'server.js'. Waiting for file changes before restarting...
Restarting 'server.js'
node:internal/modules/esm/resolve:204
  const resolvedOption = FSLegacyMainResolve(pkgPath, packageConfig.main, baseStringified);
                         ^

Error: Cannot find package '/Users/xinyuexu/Desktop/Final FocusFlow/focus-flow/backend/node_modules/googleapis/index.js' imported from /Users/xinyuexu/Desktop/Final FocusFlow/focus-flow/backend/routes/googleCalendar.js
    at legacyMainResolve (node:internal/modules/esm/resolve:204:26)
    at packageResolve (node:internal/modules/esm/resolve:777:12)
    at moduleResolve (node:internal/modules/esm/resolve:853:18)
    at defaultResolve (node:internal/modules/esm/resolve:983:11)
    at #cachedDefaultResolve (node:internal/modules/esm/loader:731:20)
    at ModuleLoader.resolve (node:internal/modules/esm/loader:708:38)
    at ModuleLoader.getModuleJobForImport (node:internal/modules/esm/loader:310:38)
    at ModuleJob._link (node:internal/modules/esm/module_job:183:49)
    at process.processTicksAndRejections (node:internal/process/task_queues:105:5) {
  code: 'ERR_MODULE_NOT_FOUND'
}

Node.js v22.20.0
Failed running 'server.js'. Waiting for file changes before restarting...
Restarting 'server.js'
Starting October 8, 2024, the Node SDK is entering a three-month notice period. We encourage everyone to migrate to @clerk/express. For full details, please see our changelog: https://clerk.com/changelog/2024-10-08-express-sdk
⚠️  WARNING: Running in DEVELOPMENT MODE (no Clerk authentication)
⚠️  This should only be used for local development!
⚠️  To enable authentication, add CLERK_SECRET_KEY to backend/.env
node:events:497
      throw er; // Unhandled 'error' event
      ^

Error: listen EADDRINUSE: address already in use :::4000
    at Server.setupListenHandle [as _listen2] (node:net:1940:16)
    at listenInCluster (node:net:1997:12)
    at Server.listen (node:net:2102:7)
    at Function.listen (/Users/xinyuexu/Desktop/Final FocusFlow/focus-flow/backend/node_modules/express/lib/application.js:635:24)
    at file:///Users/xinyuexu/Desktop/Final%20FocusFlow/focus-flow/backend/server.js:165:5
    at ModuleJob.run (node:internal/modules/esm/module_job:345:25)
    at process.processTicksAndRejections (node:internal/process/task_queues:105:5)
    at async onImport.tracePromise.__proto__ (node:internal/modules/esm/loader:665:26)
    at async asyncRunEntryPointWithESMLoader (node:internal/modules/run_main:117:5)
Emitted 'error' event on Server instance at:
    at emitErrorNT (node:net:1976:8)
    at process.processTicksAndRejections (node:internal/process/task_queues:90:21) {
  code: 'EADDRINUSE',
  errno: -48,
  syscall: 'listen',
  address: '::',
  port: 4000
}

Node.js v22.20.0
Failed running 'server.js'. Waiting for file changes before restarting...
Restarting 'server.js'
Starting October 8, 2024, the Node SDK is entering a three-month notice period. We encourage everyone to migrate to @clerk/express. For full details, please see our changelog: https://clerk.com/changelog/2024-10-08-express-sdk
⚠️  WARNING: Running in DEVELOPMENT MODE (no Clerk authentication)
⚠️  This should only be used for local development!
⚠️  To enable authentication, add CLERK_SECRET_KEY to backend/.env
node:events:497
      throw er; // Unhandled 'error' event
      ^

Error: listen EADDRINUSE: address already in use :::4000
    at Server.setupListenHandle [as _listen2] (node:net:1940:16)
    at listenInCluster (node:net:1997:12)
    at Server.listen (node:net:2102:7)
    at Function.listen (/Users/xinyuexu/Desktop/Final FocusFlow/focus-flow/backend/node_modules/express/lib/application.js:635:24)
    at file:///Users/xinyuexu/Desktop/Final%20FocusFlow/focus-flow/backend/server.js:165:5
    at ModuleJob.run (node:internal/modules/esm/module_job:345:25)
    at process.processTicksAndRejections (node:internal/process/task_queues:105:5)
    at async onImport.tracePromise.__proto__ (node:internal/modules/esm/loader:665:26)
    at async asyncRunEntryPointWithESMLoader (node:internal/modules/run_main:117:5)
Emitted 'error' event on Server instance at:
    at emitErrorNT (node:net:1976:8)
    at process.processTicksAndRejections (node:internal/process/task_queues:90:21) {
  code: 'EADDRINUSE',
  errno: -48,
  syscall: 'listen',
  address: '::',
  port: 4000
}

Node.js v22.20.0
Failed running 'server.js'. Waiting for file changes before restarting...
Restarting 'server.js'
Starting October 8, 2024, the Node SDK is entering a three-month notice period. We encourage everyone to migrate to @clerk/express. For full details, please see our changelog: https://clerk.com/changelog/2024-10-08-express-sdk
⚠️  WARNING: Running in DEVELOPMENT MODE (no Clerk authentication)
⚠️  This should only be used for local development!
⚠️  To enable authentication, add CLERK_SECRET_KEY to backend/.env
🚀 Server running on http://localhost:4000
📊 Health check: http://localhost:4000/api/health
✅ Database connected successfully at 2025-12-10T15:42:41.761Z
Restarting 'server.js'
Starting October 8, 2024, the Node SDK is entering a three-month notice period. We encourage everyone to migrate to @clerk/express. For full details, please see our changelog: https://clerk.com/changelog/2024-10-08-express-sdk
⚠️  WARNING: Running in DEVELOPMENT MODE (no Clerk authentication)
⚠️  This should only be used for local development!
⚠️  To enable authentication, add CLERK_SECRET_KEY to backend/.env
node:events:497
      throw er; // Unhandled 'error' event
      ^

Error: listen EADDRINUSE: address already in use :::4000
    at Server.setupListenHandle [as _listen2] (node:net:1940:16)
    at listenInCluster (node:net:1997:12)
    at Server.listen (node:net:2102:7)
    at Function.listen (/Users/xinyuexu/Desktop/Final FocusFlow/focus-flow/backend/node_modules/express/lib/application.js:635:24)
    at file:///Users/xinyuexu/Desktop/Final%20FocusFlow/focus-flow/backend/server.js:169:5
    at ModuleJob.run (node:internal/modules/esm/module_job:345:25)
    at process.processTicksAndRejections (node:internal/process/task_queues:105:5)
    at async onImport.tracePromise.__proto__ (node:internal/modules/esm/loader:665:26)
    at async asyncRunEntryPointWithESMLoader (node:internal/modules/run_main:117:5)
Emitted 'error' event on Server instance at:
    at emitErrorNT (node:net:1976:8)
    at process.processTicksAndRejections (node:internal/process/task_queues:90:21) {
  code: 'EADDRINUSE',
  errno: -48,
  syscall: 'listen',
  address: '::',
  port: 4000
}

Node.js v22.20.0
Failed running 'server.js'. Waiting for file changes before restarting...
4-10-08-express-sdk
⚠️  WARNING: Running in DEVELOPMENT MODE (no Clerk authentication)
⚠️  This should only be used for local development!
⚠️  To enable authentication, add CLERK_SECRET_KEY to backend/.env
node:events:497
      throw er; // Unhandled 'error' event
      ^

Error: listen EADDRINUSE: address already in use :::4000
    at Server.setupListenHandle [as _listen2] (node:net:1940:16)
    at listenInCluster (node:net:1997:12)
    at Server.listen (node:net:2102:7)
    at Function.listen (/Users/xinyuexu/Desktop/Final FocusFlow/focus-flow/backend/node_modules/express/lib/application.js:635:24)
    at file:///Users/xinyuexu/Desktop/Final%20FocusFlow/focus-flow/backend/server.js:163:5
    at ModuleJob.run (node:internal/modules/esm/module_job:345:25)
    at process.processTicksAndRejections (node:internal/process/task_queues:105:5)
    at async onImport.tracePromise.__proto__ (node:internal/modules/esm/loader:665:26)
    at async asyncRunEntryPointWithESMLoader (node:internal/modules/run_main:117:5)
Emitted 'error' event on Server instance at:
    at emitErrorNT (node:net:1976:8)
    at process.processTicksAndRejections (node:internal/process/task_queues:90:21) {
  code: 'EADDRINUSE',
  errno: -48,
  syscall: 'listen',
  address: '::',
  port: 4000
}

Node.js v22.20.0
Failed running 'server.js'. Waiting for file changes before restarting...
Restarting 'server.js'
Starting October 8, 2024, the Node SDK is entering a three-month notice period. We encourage everyone to migrate to @clerk/express. For full details, please see our changelog: https://clerk.com/changelog/2024-10-08-express-sdk
⚠️  WARNING: Running in DEVELOPMENT MODE (no Clerk authentication)
⚠️  This should only be used for local development!
⚠️  To enable authentication, add CLERK_SECRET_KEY to backend/.env
node:events:497
      throw er; // Unhandled 'error' event
      ^

Error: listen EADDRINUSE: address already in use :::4000
    at Server.setupListenHandle [as _listen2] (node:net:1940:16)
    at listenInCluster (node:net:1997:12)
    at Server.listen (node:net:2102:7)
    at Function.listen (/Users/xinyuexu/Desktop/Final FocusFlow/focus-flow/backend/node_modules/express/lib/application.js:635:24)
    at file:///Users/xinyuexu/Desktop/Final%20FocusFlow/focus-flow/backend/server.js:163:5
    at ModuleJob.run (node:internal/modules/esm/module_job:345:25)
    at process.processTicksAndRejections (node:internal/process/task_queues:105:5)
    at async onImport.tracePromise.__proto__ (node:internal/modules/esm/loader:665:26)
    at async asyncRunEntryPointWithESMLoader (node:internal/modules/run_main:117:5)
Emitted 'error' event on Server instance at:
    at emitErrorNT (node:net:1976:8)
    at process.processTicksAndRejections (node:internal/process/task_queues:90:21) {
  code: 'EADDRINUSE',
  errno: -48,
  syscall: 'listen',
  address: '::',
  port: 4000
}

Node.js v22.20.0
Failed running 'server.js'. Waiting for file changes before restarting...
Restarting 'server.js'
node:internal/modules/package_json_reader:266
  throw new ERR_MODULE_NOT_FOUND(packageName, fileURLToPath(base), null);
        ^

Error [ERR_MODULE_NOT_FOUND]: Cannot find package 'googleapis' imported from /Users/xinyuexu/Desktop/Final FocusFlow/focus-flow/backend/routes/googleCalendar.js
    at Object.getPackageJSONURL (node:internal/modules/package_json_reader:266:9)
    at packageResolve (node:internal/modules/esm/resolve:767:81)
    at moduleResolve (node:internal/modules/esm/resolve:853:18)
    at defaultResolve (node:internal/modules/esm/resolve:983:11)
    at #cachedDefaultResolve (node:internal/modules/esm/loader:731:20)
    at ModuleLoader.resolve (node:internal/modules/esm/loader:708:38)
    at ModuleLoader.getModuleJobForImport (node:internal/modules/esm/loader:310:38)
    at ModuleJob._link (node:internal/modules/esm/module_job:183:49)
    at process.processTicksAndRejections (node:internal/process/task_queues:105:5) {
  code: 'ERR_MODULE_NOT_FOUND'
}

Node.js v22.20.0
Failed running 'server.js'. Waiting for file changes before restarting...
Restarting 'server.js'
node:internal/modules/package_json_reader:266
  throw new ERR_MODULE_NOT_FOUND(packageName, fileURLToPath(base), null);
        ^

Error [ERR_MODULE_NOT_FOUND]: Cannot find package 'googleapis' imported from /Users/xinyuexu/Desktop/Final FocusFlow/focus-flow/backend/routes/googleCalendar.js
    at Object.getPackageJSONURL (node:internal/modules/package_json_reader:266:9)
    at packageResolve (node:internal/modules/esm/resolve:767:81)
    at moduleResolve (node:internal/modules/esm/resolve:853:18)
    at defaultResolve (node:internal/modules/esm/resolve:983:11)
    at #cachedDefaultResolve (node:internal/modules/esm/loader:731:20)
    at ModuleLoader.resolve (node:internal/modules/esm/loader:708:38)
    at ModuleLoader.getModuleJobForImport (node:internal/modules/esm/loader:310:38)
    at ModuleJob._link (node:internal/modules/esm/module_job:183:49)
    at process.processTicksAndRejections (node:internal/process/task_queues:105:5) {
  code: 'ERR_MODULE_NOT_FOUND'
}

Node.js v22.20.0
Failed running 'server.js'. Waiting for file changes before restarting...
Restarting 'server.js'
node:internal/modules/package_json_reader:266
  throw new ERR_MODULE_NOT_FOUND(packageName, fileURLToPath(base), null);
        ^

Error [ERR_MODULE_NOT_FOUND]: Cannot find package 'googleapis' imported from /Users/xinyuexu/Desktop/Final FocusFlow/focus-flow/backend/routes/googleCalendar.js
    at Object.getPackageJSONURL (node:internal/modules/package_json_reader:266:9)
    at packageResolve (node:internal/modules/esm/resolve:767:81)
    at moduleResolve (node:internal/modules/esm/resolve:853:18)
    at defaultResolve (node:internal/modules/esm/resolve:983:11)
    at #cachedDefaultResolve (node:internal/modules/esm/loader:731:20)
    at ModuleLoader.resolve (node:internal/modules/esm/loader:708:38)
    at ModuleLoader.getModuleJobForImport (node:internal/modules/esm/loader:310:38)
    at ModuleJob._link (node:internal/modules/esm/module_job:183:49)
    at process.processTicksAndRejections (node:internal/process/task_queues:105:5) {
  code: 'ERR_MODULE_NOT_FOUND'
}

Node.js v22.20.0
Failed running 'server.js'. Waiting for file changes before restarting...
Restarting 'server.js'
node:internal/modules/esm/resolve:204
  const resolvedOption = FSLegacyMainResolve(pkgPath, packageConfig.main, baseStringified);
                         ^

Error: Cannot find package '/Users/xinyuexu/Desktop/Final FocusFlow/focus-flow/backend/node_modules/googleapis/index.js' imported from /Users/xinyuexu/Desktop/Final FocusFlow/focus-flow/backend/routes/googleCalendar.js
    at legacyMainResolve (node:internal/modules/esm/resolve:204:26)
    at packageResolve (node:internal/modules/esm/resolve:777:12)
    at moduleResolve (node:internal/modules/esm/resolve:853:18)
    at defaultResolve (node:internal/modules/esm/resolve:983:11)
    at #cachedDefaultResolve (node:internal/modules/esm/loader:731:20)
    at ModuleLoader.resolve (node:internal/modules/esm/loader:708:38)
    at ModuleLoader.getModuleJobForImport (node:internal/modules/esm/loader:310:38)
    at ModuleJob._link (node:internal/modules/esm/module_job:183:49)
    at process.processTicksAndRejections (node:internal/process/task_queues:105:5) {
  code: 'ERR_MODULE_NOT_FOUND'
}

Node.js v22.20.0
Failed running 'server.js'. Waiting for file changes before restarting...
Restarting 'server.js'
Starting October 8, 2024, the Node SDK is entering a three-month notice period. We encourage everyone to migrate to @clerk/express. For full details, please see our changelog: https://clerk.com/changelog/2024-10-08-express-sdk
⚠️  WARNING: Running in DEVELOPMENT MODE (no Clerk authentication)
⚠️  This should only be used for local development!
⚠️  To enable authentication, add CLERK_SECRET_KEY to backend/.env
node:events:497
      throw er; // Unhandled 'error' event
      ^

Error: listen EADDRINUSE: address already in use :::4000
    at Server.setupListenHandle [as _listen2] (node:net:1940:16)
    at listenInCluster (node:net:1997:12)
    at Server.listen (node:net:2102:7)
    at Function.listen (/Users/xinyuexu/Desktop/Final FocusFlow/focus-flow/backend/node_modules/express/lib/application.js:635:24)
    at file:///Users/xinyuexu/Desktop/Final%20FocusFlow/focus-flow/backend/server.js:165:5
    at ModuleJob.run (node:internal/modules/esm/module_job:345:25)
    at process.processTicksAndRejections (node:internal/process/task_queues:105:5)
    at async onImport.tracePromise.__proto__ (node:internal/modules/esm/loader:665:26)
    at async asyncRunEntryPointWithESMLoader (node:internal/modules/run_main:117:5)
Emitted 'error' event on Server instance at:
    at emitErrorNT (node:net:1976:8)
    at process.processTicksAndRejections (node:internal/process/task_queues:90:21) {
  code: 'EADDRINUSE',
  errno: -48,
  syscall: 'listen',
  address: '::',
  port: 4000
}

Node.js v22.20.0
Failed running 'server.js'. Waiting for file changes before restarting...
Restarting 'server.js'
Starting October 8, 2024, the Node SDK is entering a three-month notice period. We encourage everyone to migrate to @clerk/express. For full details, please see our changelog: https://clerk.com/changelog/2024-10-08-express-sdk
⚠️  WARNING: Running in DEVELOPMENT MODE (no Clerk authentication)
⚠️  This should only be used for local development!
⚠️  To enable authentication, add CLERK_SECRET_KEY to backend/.env
node:events:497
      throw er; // Unhandled 'error' event
      ^

Error: listen EADDRINUSE: address already in use :::4000
    at Server.setupListenHandle [as _listen2] (node:net:1940:16)
    at listenInCluster (node:net:1997:12)
    at Server.listen (node:net:2102:7)
    at Function.listen (/Users/xinyuexu/Desktop/Final FocusFlow/focus-flow/backend/node_modules/express/lib/application.js:635:24)
    at file:///Users/xinyuexu/Desktop/Final%20FocusFlow/focus-flow/backend/server.js:165:5
    at ModuleJob.run (node:internal/modules/esm/module_job:345:25)
    at process.processTicksAndRejections (node:internal/process/task_queues:105:5)
    at async onImport.tracePromise.__proto__ (node:internal/modules/esm/loader:665:26)
    at async asyncRunEntryPointWithESMLoader (node:internal/modules/run_main:117:5)
Emitted 'error' event on Server instance at:
    at emitErrorNT (node:net:1976:8)
    at process.processTicksAndRejections (node:internal/process/task_queues:90:21) {
  code: 'EADDRINUSE',
  errno: -48,
  syscall: 'listen',
  address: '::',
  port: 4000
}

Node.js v22.20.0
Failed running 'server.js'. Waiting for file changes before restarting...
Restarting 'server.js'
Starting October 8, 2024, the Node SDK is entering a three-month notice period. We encourage everyone to migrate to @clerk/express. For full details, please see our changelog: https://clerk.com/changelog/2024-10-08-express-sdk
⚠️  WARNING: Running in DEVELOPMENT MODE (no Clerk authentication)
⚠️  This should only be used for local development!
⚠️  To enable authentication, add CLERK_SECRET_KEY to backend/.env
node:events:497
      throw er; // Unhandled 'error' event
      ^

Error: listen EADDRINUSE: address already in use :::4000
    at Server.setupListenHandle [as _listen2] (node:net:1940:16)
    at listenInCluster (node:net:1997:12)
    at Server.listen (node:net:2102:7)
    at Function.listen (/Users/xinyuexu/Desktop/Final FocusFlow/focus-flow/backend/node_modules/express/lib/application.js:635:24)
    at file:///Users/xinyuexu/Desktop/Final%20FocusFlow/focus-flow/backend/server.js:169:5
    at ModuleJob.run (node:internal/modules/esm/module_job:345:25)
    at process.processTicksAndRejections (node:internal/process/task_queues:105:5)
    at async onImport.tracePromise.__proto__ (node:internal/modules/esm/loader:665:26)
    at async asyncRunEntryPointWithESMLoader (node:internal/modules/run_main:117:5)
Emitted 'error' event on Server instance at:
    at emitErrorNT (node:net:1976:8)
    at process.processTicksAndRejections (node:internal/process/task_queues:90:21) {
  code: 'EADDRINUSE',
  errno: -48,
  syscall: 'listen',
  address: '::',
  port: 4000
}

Node.js v22.20.0
Failed running 'server.js'. Waiting for file changes before restarting...
Restarting 'server.js'
Starting October 8, 2024, the Node SDK is entering a three-month notice period. We encourage everyone to migrate to @clerk/express. For full details, please see our changelog: https://clerk.com/changelog/2024-10-08-express-sdk
⚠️  WARNING: Running in DEVELOPMENT MODE (no Clerk authentication)
⚠️  This should only be used for local development!
⚠️  To enable authentication, add CLERK_SECRET_KEY to backend/.env
node:events:497
      throw er; // Unhandled 'error' event
      ^

Error: listen EADDRINUSE: address already in use :::4000
    at Server.setupListenHandle [as _listen2] (node:net:1940:16)
    at listenInCluster (node:net:1997:12)
    at Server.listen (node:net:2102:7)
    at Function.listen (/Users/xinyuexu/Desktop/Final FocusFlow/focus-flow/backend/node_modules/express/lib/application.js:635:24)
    at file:///Users/xinyuexu/Desktop/Final%20FocusFlow/focus-flow/backend/server.js:169:5
    at ModuleJob.run (node:internal/modules/esm/module_job:345:25)
    at process.processTicksAndRejections (node:internal/process/task_queues:105:5)
    at async onImport.tracePromise.__proto__ (node:internal/modules/esm/loader:665:26)
    at async asyncRunEntryPointWithESMLoader (node:internal/modules/run_main:117:5)
Emitted 'error' event on Server instance at:
    at emitErrorNT (node:net:1976:8)
    at process.processTicksAndRejections (node:internal/process/task_queues:90:21) {
  code: 'EADDRINUSE',
  errno: -48,
  syscall: 'listen',
  address: '::',
  port: 4000
}

Node.js v22.20.0
Failed running 'server.js'. Waiting for file changes before restarting...
